<?xml version="1.0" encoding="UTF-8"?>
<!-- Generated by org.testng.reporters.JUnitReportReporter -->
<testsuite hostname="LAPTOP-B1NHI0RU" failures="0" tests="1" name="de.training.selenium.berichtsbeispiel.SucheBlusen" time="1.735" errors="0" timestamp="2021-10-28T13:42:25 CST" skipped="0">
  <testcase classname="de.training.selenium.berichtsbeispiel.SucheBlusen" name="sucheBlusen" time="1.735"/>
  <system-out/>
</testsuite> <!-- de.training.selenium.berichtsbeispiel.SucheBlusen -->
