<?xml version="1.0" encoding="UTF-8"?>
<!-- Generated by org.testng.reporters.JUnitReportReporter -->
<testsuite hostname="LAPTOP-B1NHI0RU" failures="0" tests="1" name="de.training.selenium.berichtsbeispiel.SucheChiffonkleider" time="1.823" errors="0" timestamp="2021-10-28T13:42:25 CST" skipped="0">
  <testcase classname="de.training.selenium.berichtsbeispiel.SucheChiffonkleider" name="sucheChiffonkleider" time="1.823"/>
  <system-out/>
</testsuite> <!-- de.training.selenium.berichtsbeispiel.SucheChiffonkleider -->
