<?xml version="1.0" encoding="UTF-8"?>
<!-- Generated by org.testng.reporters.JUnitReportReporter -->
<testsuite hostname="LAPTOP-B1NHI0RU" failures="0" tests="1" name="de.training.selenium.TestNGDatenLiefernBeispiel" time="16.046" errors="0" timestamp="2021-10-19T14:42:26 CST" skipped="0">
  <testcase classname="de.training.selenium.TestNGDatenLiefernBeispiel" name="anmelden" time="16.046"/>
  <system-out/>
</testsuite> <!-- de.training.selenium.TestNGDatenLiefernBeispiel -->
