<?xml version="1.0" encoding="UTF-8"?>
<!-- Generated by org.testng.reporters.JUnitReportReporter -->
<testsuite hostname="LAPTOP-B1NHI0RU" failures="0" tests="4" name="de.training.selenium.CrossBrowserTest" time="19.806" errors="0" timestamp="2021-10-28T13:34:18 CST" skipped="0">
  <testcase classname="de.training.selenium.CrossBrowserTest" name="test" time="3.219"/>
  <system-out/>
  <testcase classname="de.training.selenium.CrossBrowserTest" name="test" time="6.102"/>
  <system-out/>
  <testcase classname="de.training.selenium.CrossBrowserTest" name="test" time="4.673"/>
  <system-out/>
  <testcase classname="de.training.selenium.CrossBrowserTest" name="test" time="5.812"/>
  <system-out/>
</testsuite> <!-- de.training.selenium.CrossBrowserTest -->
