<?xml version="1.0" encoding="UTF-8"?>
<!-- Generated by org.testng.reporters.JUnitReportReporter -->
<testsuite hostname="LAPTOP-B1NHI0RU" failures="0" tests="1" name="de.training.dateiherunterladen.DateiHerunterladenKlasse" time="8.504" errors="0" timestamp="2021-11-15T12:41:59 CST" skipped="0">
  <testcase classname="de.training.dateiherunterladen.DateiHerunterladenKlasse" name="dateiHerunterladen" time="8.504"/>
  <system-out/>
</testsuite> <!-- de.training.dateiherunterladen.DateiHerunterladenKlasse -->
