<?xml version="1.0" encoding="UTF-8"?>
<!-- Generated by org.testng.reporters.JUnitReportReporter -->
<testsuite hostname="LAPTOP-B1NHI0RU" failures="0" tests="1" name="de.training.linkstesten.LinksCheckenTest" time="0.995" errors="0" timestamp="2021-11-04T11:52:28 CST" skipped="0">
  <testcase classname="de.training.linkstesten.LinksCheckenTest" name="linksChecken" time="0.995"/>
  <system-out/>
</testsuite> <!-- de.training.linkstesten.LinksCheckenTest -->
