<?xml version="1.0" encoding="UTF-8"?>
<!-- Generated by org.testng.reporters.JUnitReportReporter -->
<testsuite hostname="LAPTOP-B1NHI0RU" failures="0" tests="1" name="de.training.selenium.TestNGDatenLiefernBeispiel02" time="15.524" errors="0" timestamp="2021-10-18T19:29:06 CST" skipped="0">
  <testcase classname="de.training.selenium.TestNGDatenLiefernBeispiel02" name="anmelden" time="15.524"/>
  <system-out/>
</testsuite> <!-- de.training.selenium.TestNGDatenLiefernBeispiel02 -->
